<?xml version="1.0" encoding="UTF-8"?>
<!-- Generated by org.testng.reporters.JUnitReportReporter -->
<testsuite hostname="LAPTOP-VKDVBN2B" failures="0" tests="1" name="adminTest.Basictest" time="16.457" errors="0" timestamp="2022-06-12T10:24:50 IST" skipped="0">
  <testcase classname="adminTest.Basictest" name="test" time="16.457"/>
  <system-out/>
</testsuite> <!-- adminTest.Basictest -->
