<?xml version="1.0" encoding="UTF-8"?>
<!-- Generated by org.testng.reporters.JUnitReportReporter -->
<testsuite hostname="LAPTOP-VKDVBN2B" failures="0" tests="1" name="adminTest.outpttest" time="3.149" errors="0" timestamp="2022-06-23T20:24:40 IST" skipped="0">
  <testcase classname="adminTest.outpttest" name="opttest" time="3.149"/>
  <system-out/>
</testsuite> <!-- adminTest.outpttest -->
