<?xml version="1.0" encoding="UTF-8"?>
<!-- Generated by org.testng.reporters.JUnitReportReporter -->
<testsuite hostname="LAPTOP-VKDVBN2B" failures="0" tests="1" name="adminTest.addpttest" time="6.570" errors="0" timestamp="2022-06-25T16:02:48 IST" skipped="0">
  <testcase classname="adminTest.addpttest" name="addpatienttest" time="6.570"/>
  <system-out/>
</testsuite> <!-- adminTest.addpttest -->
