<?xml version="1.0" encoding="UTF-8"?>
<!-- Generated by org.testng.reporters.JUnitReportReporter -->
<testsuite hostname="LAPTOP-VKDVBN2B" failures="0" tests="2" name="adminTest.visitortest" time="80.983" errors="0" timestamp="2022-06-22T07:57:28 IST" skipped="0">
  <testcase classname="adminTest.visitortest" name="addvisitor" time="37.841"/>
  <system-out/>
  <testcase classname="adminTest.visitortest" name="addvisitor" time="43.142"/>
  <system-out/>
</testsuite> <!-- adminTest.visitortest -->
